Notice	fb5a412e	1183
README	fe10cd03	3340
cds.c	e93849b8	3884
data.c	e552a480	9278
defines.h	ef026e5f	8179
defs.h	e74a0285	23464
equiv.c	e7eb3399	8552
error.c	111d9ebf	3653
exec.c	18ed4ede	18027
expr.c	e2bc323c	57458
f2c.1	e65632a	5799
f2c.1t	1aad289	5706
f2c.h	ed0a0173	4138
format.c	e7b58fa8	49914
format.h	e861ad39	300
formatdata.c	eeebb124	23833
ftypes.h	e5db6a7c	941
gram.dcl	fac72441	8102
gram.exec	ff121afb	2996
gram.expr	1cdcf8c5	3081
gram.head	e6859fc0	7539
gram.io	1b7c281c	3294
init.c	f7ca02f1	10347
intr.c	e2b8e4ab	19647
io.c	c474aae	28975
iob.h	fe479ed3	459
lex.c	fe1e63b6	29374
machdefs.h	4950e5b	659
main.c	1e4ec3a1	16300
makefile	12f58dbe	2510
malloc.c	5c2be2a	3422
mem.c	5b007b2	4761
memset.c	17404d52	1964
misc.c	19c4624d	17758
names.c	e5184875	19122
names.h	f25436a3	689
niceprintf.c	f9d80b51	9355
niceprintf.h	c31f08c	412
output.c	f97db62	37044
output.h	edfe9e59	2113
p1defs.h	e4e11c4e	5776
p1output.c	e60446f5	12198
parse.h	e457df2e	855
parse_args.c	f3e5da4d	13015
pccdefs.h	1b4fbbee	1195
pread.c	135e64ca	15796
proc.c	f5df26ff	34052
put.c	1f22b2c0	9499
putpcc.c	1f96161e	38473
sysdep.c	197e669f	10864
sysdep.h	e602b6fd	2532
tokens	194fccfe	727
usignal.h	1c4ce909	124
vax.c	b060552	7649
version.c	f7b72f6f	137
xsum.c	bd02396	5479
